<?xml version="1.0" encoding="UTF-8"?>
<robot generator="Robot 7.0.1 (Python 3.12.4 on win32)" generated="2025-10-02T16:09:08.516830" rpa="false" schemaversion="5">
<suite id="s1" name="Dashboard" source="C:\Users\Jovi\Documents\GitHub\TVS-1.75Web\scripts\Dashboard.robot">
<test id="s1-t1" name="Open TVS Web Application" line="9">
<kw name="Open Browser To TVS Dashboard Page" owner="dashboardPage">
<kw name="Open Browser" owner="SeleniumLibrary">
<msg time="2025-10-02T16:09:09.032886" level="INFO">Opening browser 'Chrome' to base url 'http://api-devtest-tvs1-75web.veridata.com.ph/home/dashboard'.</msg>
<arg>${DASHBOARD URL}</arg>
<arg>${BROWSER}</arg>
<doc>Opens a new browser instance to the optional ``url``.</doc>
<status status="PASS" start="2025-10-02T16:09:09.032886" elapsed="7.408372"/>
</kw>
<kw name="Maximize Browser Window" owner="SeleniumLibrary">
<doc>Maximizes current browser window.</doc>
<status status="PASS" start="2025-10-02T16:09:16.442256" elapsed="0.121298"/>
</kw>
<kw name="Set Selenium Speed" owner="SeleniumLibrary">
<arg>${DELAY}</arg>
<doc>Sets the delay that is waited after each Selenium command.</doc>
<status status="PASS" start="2025-10-02T16:09:16.568615" elapsed="0.002992"/>
</kw>
<status status="PASS" start="2025-10-02T16:09:09.021886" elapsed="7.549721"/>
</kw>
<status status="PASS" start="2025-10-02T16:09:09.020888" elapsed="7.623380"/>
</test>
<doc>A test suite with a single test for valid login.

This test has a workflow that is created using keywords in
the imported resource file.</doc>
<status status="PASS" start="2025-10-02T16:09:08.517831" elapsed="8.139962"/>
</suite>
<statistics>
<total>
<stat pass="1" fail="0" skip="0">All Tests</stat>
</total>
<tag>
</tag>
<suite>
<stat pass="1" fail="0" skip="0" id="s1" name="Dashboard">Dashboard</stat>
</suite>
</statistics>
<errors>
</errors>
</robot>
